<?xml version="1.0" encoding="UTF-8"?>
<!-- Generated by org.testng.reporters.JUnitXMLReporter -->
<testsuite ignored="0" hostname="5127sasikm3715l" failures="0" tests="3" name="Default test" time="28.189" errors="0" timestamp="2025-03-05T19:40:09 IST">
  <testcase classname="testng.AdactinHotelApp2" name="LoginTest" time="4.647"/>
  <testcase classname="testng.AdactinHotelApp2" name="SearchHotelTest" time="12.334"/>
  <testcase classname="testng.AdactinHotelApp2" name="BookAHotelTest" time="5.518"/>
</testsuite> <!-- Default test -->
